[2023-11-12 17:08:26] request.INFO: Matched route "admin_product_form". {"route":"admin_product_form","route_parameters":{"_controller":"PrestaShopBundle\\Controller\\Admin\\ProductController::formAction","_legacy_controller":"AdminProducts","_legacy_param_mapper_class":"PrestaShop\\PrestaShop\\Adapter\\Product\\AdminProductDataProvider","_legacy_param_mapper_method":"mapLegacyParametersProductForm","id":"20","_route":"admin_product_form"},"request_uri":"https://localhost/litgo_presta/admin924z3q7ci/index.php/sell/catalog/products/20?_token=BKw635r0Kt_hOJDHq41TX9ILE2gIWQfs-znQ3thEtkg","method":"GET"} []
[2023-11-12 17:08:26] security.DEBUG: Read existing security token from the session. {"key":"_security_main","token_class":"Symfony\\Component\\Security\\Core\\Authentication\\Token\\UsernamePasswordToken"} []
[2023-11-12 17:08:26] security.DEBUG: User was reloaded from a user provider. {"provider":"PrestaShopBundle\\Security\\Admin\\EmployeeProvider","username":"litgoproteinbar@gmail.com"} []
[2023-11-12 17:08:29] app.ERROR: Data from PrestaShop Addons is invalid, and cannot fallback on cache. [] []
[2023-11-12 17:08:30] security.DEBUG: Stored the security token in the session. {"key":"_security_main"} []
[2023-11-12 17:09:11] request.INFO: Matched route "admin_payment_methods". {"route":"admin_payment_methods","route_parameters":{"_controller":"PrestaShopBundle\\Controller\\Admin\\Improve\\Payment\\PaymentMethodsController::indexAction","_legacy_controller":"AdminPayment","_legacy_link":"AdminPayment","_route":"admin_payment_methods"},"request_uri":"https://localhost/litgo_presta/admin924z3q7ci/index.php/improve/payment/payment_methods?_token=BKw635r0Kt_hOJDHq41TX9ILE2gIWQfs-znQ3thEtkg","method":"GET"} []
[2023-11-12 17:09:11] security.DEBUG: Read existing security token from the session. {"key":"_security_main","token_class":"Symfony\\Component\\Security\\Core\\Authentication\\Token\\UsernamePasswordToken"} []
[2023-11-12 17:09:11] security.DEBUG: User was reloaded from a user provider. {"provider":"PrestaShopBundle\\Security\\Admin\\EmployeeProvider","username":"litgoproteinbar@gmail.com"} []
[2023-11-12 17:09:11] app.ERROR: Data from PrestaShop Addons is invalid, and cannot fallback on cache. [] []
[2023-11-12 17:09:12] security.DEBUG: Stored the security token in the session. {"key":"_security_main"} []
[2023-11-12 17:09:44] request.INFO: Matched route "admin_module_manage". {"route":"admin_module_manage","route_parameters":{"category":null,"keyword":null,"_controller":"PrestaShopBundle\\Controller\\Admin\\Improve\\ModuleController::manageAction","_legacy_controller":"AdminModulesManage","_legacy_link":["AdminModulesManage","AdminModulesSf"],"_route":"admin_module_manage"},"request_uri":"https://localhost/litgo_presta/admin924z3q7ci/index.php/improve/modules/manage?token=f71c596ff842685e46fad161f1585d02","method":"GET"} []
[2023-11-12 17:09:44] security.DEBUG: Read existing security token from the session. {"key":"_security_main","token_class":"Symfony\\Component\\Security\\Core\\Authentication\\Token\\UsernamePasswordToken"} []
[2023-11-12 17:09:44] security.DEBUG: User was reloaded from a user provider. {"provider":"PrestaShopBundle\\Security\\Admin\\EmployeeProvider","username":"litgoproteinbar@gmail.com"} []
[2023-11-12 17:09:44] app.ERROR: Data from PrestaShop Addons is invalid, and cannot fallback on cache. [] []
[2023-11-12 17:09:46] security.DEBUG: Stored the security token in the session. {"key":"_security_main"} []
[2023-11-12 17:09:46] request.INFO: Matched route "admin_module_notification_count". {"route":"admin_module_notification_count","route_parameters":{"_controller":"PrestaShopBundle\\Controller\\Admin\\Improve\\Modules\\AlertsController::notificationsCountAction","_legacy_controller":"AdminModulesNotifications","_legacy_link":"AdminModulesNotifications:count","_route":"admin_module_notification_count"},"request_uri":"https://localhost/litgo_presta/admin924z3q7ci/index.php/improve/modules/alerts/count?_token=BKw635r0Kt_hOJDHq41TX9ILE2gIWQfs-znQ3thEtkg","method":"GET"} []
[2023-11-12 17:09:47] security.DEBUG: Read existing security token from the session. {"key":"_security_main","token_class":"Symfony\\Component\\Security\\Core\\Authentication\\Token\\UsernamePasswordToken"} []
[2023-11-12 17:09:47] security.DEBUG: User was reloaded from a user provider. {"provider":"PrestaShopBundle\\Security\\Admin\\EmployeeProvider","username":"litgoproteinbar@gmail.com"} []
[2023-11-12 17:09:47] app.ERROR: Data from PrestaShop Addons is invalid, and cannot fallback on cache. [] []
[2023-11-12 17:09:47] security.DEBUG: Stored the security token in the session. {"key":"_security_main"} []
[2023-11-12 18:15:15] request.CRITICAL: Uncaught PHP Exception Symfony\Component\Filesystem\Exception\IOException: "Cannot rename "C:\xampp\htdocs\litgo_presta\var\cache\prod\app37B3.tmp" to "C:\xampp\htdocs\litgo_presta\var\cache\prod/appProdProjectContainerUrlMatcher.php"." at C:\xampp\htdocs\litgo_presta\vendor\symfony\symfony\src\Symfony\Component\Filesystem\Filesystem.php line 289 {"exception":"[object] (Symfony\\Component\\Filesystem\\Exception\\IOException(code: 0): Cannot rename \"C:\\xampp\\htdocs\\litgo_presta\\var\\cache\\prod\\app37B3.tmp\" to \"C:\\xampp\\htdocs\\litgo_presta\\var\\cache\\prod/appProdProjectContainerUrlMatcher.php\". at C:\\xampp\\htdocs\\litgo_presta\\vendor\\symfony\\symfony\\src\\Symfony\\Component\\Filesystem\\Filesystem.php:289)"} []
